2023-05-02 13:01:24,669 [Worker-3: Loading available Gradle versions] INFO  o.e.b.c.i.u.g.PublishedGradleVersions - Gradle version information cache is up-to-date. Trying to read.
2023-05-03 09:31:37,242 [Worker-4: Loading available Gradle versions] INFO  o.e.b.c.i.u.g.PublishedGradleVersions - Gradle version information cache is up-to-date. Trying to read.
2023-05-04 09:36:41,470 [Worker-3: Loading available Gradle versions] INFO  o.e.b.c.i.u.g.PublishedGradleVersions - Gradle version information cache is out-of-date. Trying to update.
2023-05-04 18:08:41,948 [Worker-1: Loading available Gradle versions] INFO  o.e.b.c.i.u.g.PublishedGradleVersions - Gradle version information cache is up-to-date. Trying to read.
2023-05-08 09:35:17,954 [Worker-3: Loading available Gradle versions] INFO  o.e.b.c.i.u.g.PublishedGradleVersions - Gradle version information cache is out-of-date. Trying to update.
2023-05-09 09:32:55,670 [Worker-5: Loading available Gradle versions] INFO  o.e.b.c.i.u.g.PublishedGradleVersions - Gradle version information cache is up-to-date. Trying to read.
2023-05-09 18:29:26,993 [Worker-3: Loading available Gradle versions] INFO  o.e.b.c.i.u.g.PublishedGradleVersions - Gradle version information cache is out-of-date. Trying to update.
2023-05-10 09:34:04,337 [Worker-3: Loading available Gradle versions] INFO  o.e.b.c.i.u.g.PublishedGradleVersions - Gradle version information cache is up-to-date. Trying to read.
2023-05-10 12:42:51,196 [Worker-3: Loading available Gradle versions] INFO  o.e.b.c.i.u.g.PublishedGradleVersions - Gradle version information cache is up-to-date. Trying to read.
2023-05-10 18:24:35,959 [Worker-0: Loading available Gradle versions] INFO  o.e.b.c.i.u.g.PublishedGradleVersions - Gradle version information cache is up-to-date. Trying to read.
2023-05-11 09:34:09,405 [Worker-1: Loading available Gradle versions] INFO  o.e.b.c.i.u.g.PublishedGradleVersions - Gradle version information cache is out-of-date. Trying to update.
2023-05-12 09:32:46,922 [Worker-0: Loading available Gradle versions] INFO  o.e.b.c.i.u.g.PublishedGradleVersions - Gradle version information cache is up-to-date. Trying to read.
2023-05-15 09:34:27,701 [Worker-1: Loading available Gradle versions] INFO  o.e.b.c.i.u.g.PublishedGradleVersions - Gradle version information cache is out-of-date. Trying to update.
2023-05-16 09:32:23,886 [Worker-4: Loading available Gradle versions] INFO  o.e.b.c.i.u.g.PublishedGradleVersions - Gradle version information cache is up-to-date. Trying to read.
2023-05-16 12:53:22,141 [main] INFO  org.eclipse.jetty.util.log - Logging initialized @12099935ms to org.eclipse.jetty.util.log.Slf4jLog
2023-05-16 12:53:22,447 [main] INFO  org.eclipse.jetty.server.Server - jetty-9.4.31.v20200723; built: 2020-08-03T13:24:06.825Z; git: 450ba27947e13e66baa8cd1ce7e85a4461cacc1d; jvm 11.0.14+8-LTS-263
2023-05-16 12:53:22,470 [main] INFO  org.eclipse.jetty.server.session - DefaultSessionIdManager workerName=node0
2023-05-16 12:53:22,471 [main] INFO  org.eclipse.jetty.server.session - No SessionScavenger set, using defaults
2023-05-16 12:53:22,472 [main] INFO  org.eclipse.jetty.server.session - node0 Scavenging every 600000ms
2023-05-16 12:53:22,503 [main] INFO  o.e.j.server.handler.ContextHandler - Started o.e.j.s.ServletContextHandler@6bf426e7{/wse,null,AVAILABLE}
2023-05-16 12:53:22,521 [main] INFO  o.e.jetty.server.AbstractConnector - Started ServerConnector@bb57549{HTTP/1.1, (http/1.1)}{0.0.0.0:50140}
2023-05-16 12:53:22,521 [main] INFO  org.eclipse.jetty.server.Server - Started @12100337ms
2023-05-16 12:53:22,521 [main] INFO  org.eclipse.jetty.server.session - node0 Scavenging every 600000ms
2023-05-16 14:20:57,573 [Framework stop - Equinox Container: 900af492-7d4d-4ce8-ac60-ba0be09b04e4] INFO  o.e.jetty.server.AbstractConnector - Stopped ServerConnector@bb57549{HTTP/1.1, (http/1.1)}{0.0.0.0:0}
2023-05-16 14:20:57,573 [Framework stop - Equinox Container: 900af492-7d4d-4ce8-ac60-ba0be09b04e4] INFO  org.eclipse.jetty.server.session - node0 Stopped scavenging
2023-05-16 14:20:57,589 [Framework stop - Equinox Container: 900af492-7d4d-4ce8-ac60-ba0be09b04e4] INFO  o.e.j.server.handler.ContextHandler - Stopped o.e.j.s.ServletContextHandler@6bf426e7{/wse,null,UNAVAILABLE}
2023-05-16 14:37:18,666 [Worker-4: Loading available Gradle versions] INFO  o.e.b.c.i.u.g.PublishedGradleVersions - Gradle version information cache is out-of-date. Trying to update.
2023-05-16 15:37:39,245 [Worker-0: Loading available Gradle versions] INFO  o.e.b.c.i.u.g.PublishedGradleVersions - Gradle version information cache is up-to-date. Trying to read.
2023-05-16 16:35:51,300 [Worker-2: Loading available Gradle versions] INFO  o.e.b.c.i.u.g.PublishedGradleVersions - Gradle version information cache is up-to-date. Trying to read.
